0 info it worked if it ends with ok
1 verbose cli [ 'node', '/usr/local/bin/npm', 'install' ]
2 info using npm@1.4.14
3 info using node@v0.10.29
4 verbose readDependencies using package.json deps
5 verbose install where, deps [ '/Users/jitendrakhodani/Desktop/Project/Second Teacher',
5 verbose install   [ 'express',
5 verbose install     'cookie-parser',
5 verbose install     'body-parser',
5 verbose install     'mysql',
5 verbose install     'forever',
5 verbose install     'bunyan',
5 verbose install     'mime',
5 verbose install     'multer',
5 verbose install     'express-jwt',
5 verbose install     'jsonwebtoken',
5 verbose install     'crypto',
5 verbose install     'nodemailer',
5 verbose install     'fast-csv' ] ]
6 info preinstall SecondTeacher@0.0.1
7 verbose readDependencies using package.json deps
8 verbose cache add [ 'body-parser@~1.0.0', null ]
9 verbose cache add name=undefined spec="body-parser@~1.0.0" args=["body-parser@~1.0.0",null]
10 verbose parsed url { protocol: null,
10 verbose parsed url   slashes: null,
10 verbose parsed url   auth: null,
10 verbose parsed url   host: null,
10 verbose parsed url   port: null,
10 verbose parsed url   hostname: null,
10 verbose parsed url   hash: null,
10 verbose parsed url   search: null,
10 verbose parsed url   query: null,
10 verbose parsed url   pathname: 'body-parser@~1.0.0',
10 verbose parsed url   path: 'body-parser@~1.0.0',
10 verbose parsed url   href: 'body-parser@~1.0.0' }
11 verbose cache add [ 'express@~4.2.0', null ]
12 verbose cache add name=undefined spec="express@~4.2.0" args=["express@~4.2.0",null]
13 verbose parsed url { protocol: null,
13 verbose parsed url   slashes: null,
13 verbose parsed url   auth: null,
13 verbose parsed url   host: null,
13 verbose parsed url   port: null,
13 verbose parsed url   hostname: null,
13 verbose parsed url   hash: null,
13 verbose parsed url   search: null,
13 verbose parsed url   query: null,
13 verbose parsed url   pathname: 'express@~4.2.0',
13 verbose parsed url   path: 'express@~4.2.0',
13 verbose parsed url   href: 'express@~4.2.0' }
14 verbose cache add [ 'cookie-parser@~1.0.1', null ]
15 verbose cache add name=undefined spec="cookie-parser@~1.0.1" args=["cookie-parser@~1.0.1",null]
16 verbose parsed url { protocol: null,
16 verbose parsed url   slashes: null,
16 verbose parsed url   auth: null,
16 verbose parsed url   host: null,
16 verbose parsed url   port: null,
16 verbose parsed url   hostname: null,
16 verbose parsed url   hash: null,
16 verbose parsed url   search: null,
16 verbose parsed url   query: null,
16 verbose parsed url   pathname: 'cookie-parser@~1.0.1',
16 verbose parsed url   path: 'cookie-parser@~1.0.1',
16 verbose parsed url   href: 'cookie-parser@~1.0.1' }
17 verbose cache add [ 'mysql@2.1.1', null ]
18 verbose cache add name=undefined spec="mysql@2.1.1" args=["mysql@2.1.1",null]
19 verbose parsed url { protocol: null,
19 verbose parsed url   slashes: null,
19 verbose parsed url   auth: null,
19 verbose parsed url   host: null,
19 verbose parsed url   port: null,
19 verbose parsed url   hostname: null,
19 verbose parsed url   hash: null,
19 verbose parsed url   search: null,
19 verbose parsed url   query: null,
19 verbose parsed url   pathname: 'mysql@2.1.1',
19 verbose parsed url   path: 'mysql@2.1.1',
19 verbose parsed url   href: 'mysql@2.1.1' }
20 verbose cache add name="body-parser" spec="~1.0.0" args=["body-parser","~1.0.0"]
21 verbose parsed url { protocol: null,
21 verbose parsed url   slashes: null,
21 verbose parsed url   auth: null,
21 verbose parsed url   host: null,
21 verbose parsed url   port: null,
21 verbose parsed url   hostname: null,
21 verbose parsed url   hash: null,
21 verbose parsed url   search: null,
21 verbose parsed url   query: null,
21 verbose parsed url   pathname: '~1.0.0',
21 verbose parsed url   path: '~1.0.0',
21 verbose parsed url   href: '~1.0.0' }
22 verbose addNamed [ 'body-parser', '~1.0.0' ]
23 verbose addNamed [ null, '>=1.0.0-0 <1.1.0-0' ]
24 verbose cache add name="express" spec="~4.2.0" args=["express","~4.2.0"]
25 verbose parsed url { protocol: null,
25 verbose parsed url   slashes: null,
25 verbose parsed url   auth: null,
25 verbose parsed url   host: null,
25 verbose parsed url   port: null,
25 verbose parsed url   hostname: null,
25 verbose parsed url   hash: null,
25 verbose parsed url   search: null,
25 verbose parsed url   query: null,
25 verbose parsed url   pathname: '~4.2.0',
25 verbose parsed url   path: '~4.2.0',
25 verbose parsed url   href: '~4.2.0' }
26 verbose addNamed [ 'express', '~4.2.0' ]
27 verbose addNamed [ null, '>=4.2.0-0 <4.3.0-0' ]
28 verbose cache add name="cookie-parser" spec="~1.0.1" args=["cookie-parser","~1.0.1"]
29 verbose parsed url { protocol: null,
29 verbose parsed url   slashes: null,
29 verbose parsed url   auth: null,
29 verbose parsed url   host: null,
29 verbose parsed url   port: null,
29 verbose parsed url   hostname: null,
29 verbose parsed url   hash: null,
29 verbose parsed url   search: null,
29 verbose parsed url   query: null,
29 verbose parsed url   pathname: '~1.0.1',
29 verbose parsed url   path: '~1.0.1',
29 verbose parsed url   href: '~1.0.1' }
30 verbose addNamed [ 'cookie-parser', '~1.0.1' ]
31 verbose addNamed [ null, '>=1.0.1-0 <1.1.0-0' ]
32 verbose cache add [ 'forever@0.10.11', null ]
33 verbose cache add name=undefined spec="forever@0.10.11" args=["forever@0.10.11",null]
34 verbose parsed url { protocol: null,
34 verbose parsed url   slashes: null,
34 verbose parsed url   auth: null,
34 verbose parsed url   host: null,
34 verbose parsed url   port: null,
34 verbose parsed url   hostname: null,
34 verbose parsed url   hash: null,
34 verbose parsed url   search: null,
34 verbose parsed url   query: null,
34 verbose parsed url   pathname: 'forever@0.10.11',
34 verbose parsed url   path: 'forever@0.10.11',
34 verbose parsed url   href: 'forever@0.10.11' }
35 verbose cache add [ 'bunyan@0.22.1', null ]
36 verbose cache add name=undefined spec="bunyan@0.22.1" args=["bunyan@0.22.1",null]
37 verbose parsed url { protocol: null,
37 verbose parsed url   slashes: null,
37 verbose parsed url   auth: null,
37 verbose parsed url   host: null,
37 verbose parsed url   port: null,
37 verbose parsed url   hostname: null,
37 verbose parsed url   hash: null,
37 verbose parsed url   search: null,
37 verbose parsed url   query: null,
37 verbose parsed url   pathname: 'bunyan@0.22.1',
37 verbose parsed url   path: 'bunyan@0.22.1',
37 verbose parsed url   href: 'bunyan@0.22.1' }
38 verbose cache add [ 'mime@1.2.11', null ]
39 verbose cache add name=undefined spec="mime@1.2.11" args=["mime@1.2.11",null]
40 verbose parsed url { protocol: null,
40 verbose parsed url   slashes: null,
40 verbose parsed url   auth: null,
40 verbose parsed url   host: null,
40 verbose parsed url   port: null,
40 verbose parsed url   hostname: null,
40 verbose parsed url   hash: null,
40 verbose parsed url   search: null,
40 verbose parsed url   query: null,
40 verbose parsed url   pathname: 'mime@1.2.11',
40 verbose parsed url   path: 'mime@1.2.11',
40 verbose parsed url   href: 'mime@1.2.11' }
41 verbose cache add name="mysql" spec="2.1.1" args=["mysql","2.1.1"]
42 verbose parsed url { protocol: null,
42 verbose parsed url   slashes: null,
42 verbose parsed url   auth: null,
42 verbose parsed url   host: null,
42 verbose parsed url   port: null,
42 verbose parsed url   hostname: null,
42 verbose parsed url   hash: null,
42 verbose parsed url   search: null,
42 verbose parsed url   query: null,
42 verbose parsed url   pathname: '2.1.1',
42 verbose parsed url   path: '2.1.1',
42 verbose parsed url   href: '2.1.1' }
43 verbose addNamed [ 'mysql', '2.1.1' ]
44 verbose addNamed [ '2.1.1', '2.1.1' ]
45 silly lockFile 9ca6d1f0-body-parser-1-0-0 body-parser@~1.0.0
46 verbose lock body-parser@~1.0.0 /Users/jitendrakhodani/.npm/9ca6d1f0-body-parser-1-0-0.lock
47 silly lockFile e148bbb5-express-4-2-0 express@~4.2.0
48 verbose lock express@~4.2.0 /Users/jitendrakhodani/.npm/e148bbb5-express-4-2-0.lock
49 silly lockFile 8e5bf42e-cookie-parser-1-0-1 cookie-parser@~1.0.1
50 verbose lock cookie-parser@~1.0.1 /Users/jitendrakhodani/.npm/8e5bf42e-cookie-parser-1-0-1.lock
51 silly lockFile df0a7fd5-mysql-2-1-1 mysql@2.1.1
52 verbose lock mysql@2.1.1 /Users/jitendrakhodani/.npm/df0a7fd5-mysql-2-1-1.lock
53 verbose cache add name="forever" spec="0.10.11" args=["forever","0.10.11"]
54 verbose parsed url { protocol: null,
54 verbose parsed url   slashes: null,
54 verbose parsed url   auth: null,
54 verbose parsed url   host: null,
54 verbose parsed url   port: null,
54 verbose parsed url   hostname: null,
54 verbose parsed url   hash: null,
54 verbose parsed url   search: null,
54 verbose parsed url   query: null,
54 verbose parsed url   pathname: '0.10.11',
54 verbose parsed url   path: '0.10.11',
54 verbose parsed url   href: '0.10.11' }
55 verbose addNamed [ 'forever', '0.10.11' ]
56 verbose addNamed [ '0.10.11', '0.10.11' ]
57 silly lockFile 298f13d4-forever-0-10-11 forever@0.10.11
58 verbose lock forever@0.10.11 /Users/jitendrakhodani/.npm/298f13d4-forever-0-10-11.lock
59 verbose cache add name="bunyan" spec="0.22.1" args=["bunyan","0.22.1"]
60 verbose parsed url { protocol: null,
60 verbose parsed url   slashes: null,
60 verbose parsed url   auth: null,
60 verbose parsed url   host: null,
60 verbose parsed url   port: null,
60 verbose parsed url   hostname: null,
60 verbose parsed url   hash: null,
60 verbose parsed url   search: null,
60 verbose parsed url   query: null,
60 verbose parsed url   pathname: '0.22.1',
60 verbose parsed url   path: '0.22.1',
60 verbose parsed url   href: '0.22.1' }
61 verbose addNamed [ 'bunyan', '0.22.1' ]
62 verbose addNamed [ '0.22.1', '0.22.1' ]
63 silly lockFile 5de20ed6-bunyan-0-22-1 bunyan@0.22.1
64 verbose lock bunyan@0.22.1 /Users/jitendrakhodani/.npm/5de20ed6-bunyan-0-22-1.lock
65 verbose cache add [ 'multer@0.0.5', null ]
66 verbose cache add name=undefined spec="multer@0.0.5" args=["multer@0.0.5",null]
67 verbose parsed url { protocol: null,
67 verbose parsed url   slashes: null,
67 verbose parsed url   auth: null,
67 verbose parsed url   host: null,
67 verbose parsed url   port: null,
67 verbose parsed url   hostname: null,
67 verbose parsed url   hash: null,
67 verbose parsed url   search: null,
67 verbose parsed url   query: null,
67 verbose parsed url   pathname: 'multer@0.0.5',
67 verbose parsed url   path: 'multer@0.0.5',
67 verbose parsed url   href: 'multer@0.0.5' }
68 verbose cache add [ 'express-jwt@0.1.3', null ]
69 verbose cache add name=undefined spec="express-jwt@0.1.3" args=["express-jwt@0.1.3",null]
70 verbose parsed url { protocol: null,
70 verbose parsed url   slashes: null,
70 verbose parsed url   auth: null,
70 verbose parsed url   host: null,
70 verbose parsed url   port: null,
70 verbose parsed url   hostname: null,
70 verbose parsed url   hash: null,
70 verbose parsed url   search: null,
70 verbose parsed url   query: null,
70 verbose parsed url   pathname: 'express-jwt@0.1.3',
70 verbose parsed url   path: 'express-jwt@0.1.3',
70 verbose parsed url   href: 'express-jwt@0.1.3' }
71 verbose cache add name="mime" spec="1.2.11" args=["mime","1.2.11"]
72 verbose parsed url { protocol: null,
72 verbose parsed url   slashes: null,
72 verbose parsed url   auth: null,
72 verbose parsed url   host: null,
72 verbose parsed url   port: null,
72 verbose parsed url   hostname: null,
72 verbose parsed url   hash: null,
72 verbose parsed url   search: null,
72 verbose parsed url   query: null,
72 verbose parsed url   pathname: '1.2.11',
72 verbose parsed url   path: '1.2.11',
72 verbose parsed url   href: '1.2.11' }
73 verbose addNamed [ 'mime', '1.2.11' ]
74 verbose addNamed [ '1.2.11', '1.2.11' ]
75 silly lockFile c4b0741f-mime-1-2-11 mime@1.2.11
76 verbose lock mime@1.2.11 /Users/jitendrakhodani/.npm/c4b0741f-mime-1-2-11.lock
77 verbose cache add name="multer" spec="0.0.5" args=["multer","0.0.5"]
78 verbose parsed url { protocol: null,
78 verbose parsed url   slashes: null,
78 verbose parsed url   auth: null,
78 verbose parsed url   host: null,
78 verbose parsed url   port: null,
78 verbose parsed url   hostname: null,
78 verbose parsed url   hash: null,
78 verbose parsed url   search: null,
78 verbose parsed url   query: null,
78 verbose parsed url   pathname: '0.0.5',
78 verbose parsed url   path: '0.0.5',
78 verbose parsed url   href: '0.0.5' }
79 verbose addNamed [ 'multer', '0.0.5' ]
80 verbose addNamed [ '0.0.5', '0.0.5' ]
81 silly lockFile 4fd7221a-multer-0-0-5 multer@0.0.5
82 verbose lock multer@0.0.5 /Users/jitendrakhodani/.npm/4fd7221a-multer-0-0-5.lock
83 verbose cache add [ 'crypto@0.0.3', null ]
84 verbose cache add name=undefined spec="crypto@0.0.3" args=["crypto@0.0.3",null]
85 verbose parsed url { protocol: null,
85 verbose parsed url   slashes: null,
85 verbose parsed url   auth: null,
85 verbose parsed url   host: null,
85 verbose parsed url   port: null,
85 verbose parsed url   hostname: null,
85 verbose parsed url   hash: null,
85 verbose parsed url   search: null,
85 verbose parsed url   query: null,
85 verbose parsed url   pathname: 'crypto@0.0.3',
85 verbose parsed url   path: 'crypto@0.0.3',
85 verbose parsed url   href: 'crypto@0.0.3' }
86 verbose cache add [ 'jsonwebtoken@0.2.0', null ]
87 verbose cache add name=undefined spec="jsonwebtoken@0.2.0" args=["jsonwebtoken@0.2.0",null]
88 verbose parsed url { protocol: null,
88 verbose parsed url   slashes: null,
88 verbose parsed url   auth: null,
88 verbose parsed url   host: null,
88 verbose parsed url   port: null,
88 verbose parsed url   hostname: null,
88 verbose parsed url   hash: null,
88 verbose parsed url   search: null,
88 verbose parsed url   query: null,
88 verbose parsed url   pathname: 'jsonwebtoken@0.2.0',
88 verbose parsed url   path: 'jsonwebtoken@0.2.0',
88 verbose parsed url   href: 'jsonwebtoken@0.2.0' }
89 verbose cache add [ 'nodemailer@0.6.3', null ]
90 verbose cache add name=undefined spec="nodemailer@0.6.3" args=["nodemailer@0.6.3",null]
91 verbose parsed url { protocol: null,
91 verbose parsed url   slashes: null,
91 verbose parsed url   auth: null,
91 verbose parsed url   host: null,
91 verbose parsed url   port: null,
91 verbose parsed url   hostname: null,
91 verbose parsed url   hash: null,
91 verbose parsed url   search: null,
91 verbose parsed url   query: null,
91 verbose parsed url   pathname: 'nodemailer@0.6.3',
91 verbose parsed url   path: 'nodemailer@0.6.3',
91 verbose parsed url   href: 'nodemailer@0.6.3' }
92 verbose cache add name="express-jwt" spec="0.1.3" args=["express-jwt","0.1.3"]
93 verbose parsed url { protocol: null,
93 verbose parsed url   slashes: null,
93 verbose parsed url   auth: null,
93 verbose parsed url   host: null,
93 verbose parsed url   port: null,
93 verbose parsed url   hostname: null,
93 verbose parsed url   hash: null,
93 verbose parsed url   search: null,
93 verbose parsed url   query: null,
93 verbose parsed url   pathname: '0.1.3',
93 verbose parsed url   path: '0.1.3',
93 verbose parsed url   href: '0.1.3' }
94 verbose addNamed [ 'express-jwt', '0.1.3' ]
95 verbose addNamed [ '0.1.3', '0.1.3' ]
96 silly lockFile 9914ebc6-express-jwt-0-1-3 express-jwt@0.1.3
97 verbose lock express-jwt@0.1.3 /Users/jitendrakhodani/.npm/9914ebc6-express-jwt-0-1-3.lock
98 silly addNameRange { name: 'body-parser',
98 silly addNameRange   range: '>=1.0.0-0 <1.1.0-0',
98 silly addNameRange   hasData: false }
99 silly addNameRange { name: 'express', range: '>=4.2.0-0 <4.3.0-0', hasData: false }
100 silly addNameRange { name: 'cookie-parser',
100 silly addNameRange   range: '>=1.0.1-0 <1.1.0-0',
100 silly addNameRange   hasData: false }
101 verbose cache add name="crypto" spec="0.0.3" args=["crypto","0.0.3"]
102 verbose parsed url { protocol: null,
102 verbose parsed url   slashes: null,
102 verbose parsed url   auth: null,
102 verbose parsed url   host: null,
102 verbose parsed url   port: null,
102 verbose parsed url   hostname: null,
102 verbose parsed url   hash: null,
102 verbose parsed url   search: null,
102 verbose parsed url   query: null,
102 verbose parsed url   pathname: '0.0.3',
102 verbose parsed url   path: '0.0.3',
102 verbose parsed url   href: '0.0.3' }
103 verbose addNamed [ 'crypto', '0.0.3' ]
104 verbose addNamed [ '0.0.3', '0.0.3' ]
105 silly lockFile 4d0ed277-crypto-0-0-3 crypto@0.0.3
106 verbose lock crypto@0.0.3 /Users/jitendrakhodani/.npm/4d0ed277-crypto-0-0-3.lock
107 verbose cache add name="jsonwebtoken" spec="0.2.0" args=["jsonwebtoken","0.2.0"]
108 verbose parsed url { protocol: null,
108 verbose parsed url   slashes: null,
108 verbose parsed url   auth: null,
108 verbose parsed url   host: null,
108 verbose parsed url   port: null,
108 verbose parsed url   hostname: null,
108 verbose parsed url   hash: null,
108 verbose parsed url   search: null,
108 verbose parsed url   query: null,
108 verbose parsed url   pathname: '0.2.0',
108 verbose parsed url   path: '0.2.0',
108 verbose parsed url   href: '0.2.0' }
109 verbose addNamed [ 'jsonwebtoken', '0.2.0' ]
110 verbose addNamed [ '0.2.0', '0.2.0' ]
111 silly lockFile 6eae9956-jsonwebtoken-0-2-0 jsonwebtoken@0.2.0
112 verbose lock jsonwebtoken@0.2.0 /Users/jitendrakhodani/.npm/6eae9956-jsonwebtoken-0-2-0.lock
113 verbose cache add [ 'fast-csv@0.2.4', null ]
114 verbose cache add name=undefined spec="fast-csv@0.2.4" args=["fast-csv@0.2.4",null]
115 verbose parsed url { protocol: null,
115 verbose parsed url   slashes: null,
115 verbose parsed url   auth: null,
115 verbose parsed url   host: null,
115 verbose parsed url   port: null,
115 verbose parsed url   hostname: null,
115 verbose parsed url   hash: null,
115 verbose parsed url   search: null,
115 verbose parsed url   query: null,
115 verbose parsed url   pathname: 'fast-csv@0.2.4',
115 verbose parsed url   path: 'fast-csv@0.2.4',
115 verbose parsed url   href: 'fast-csv@0.2.4' }
116 verbose cache add name="nodemailer" spec="0.6.3" args=["nodemailer","0.6.3"]
117 verbose parsed url { protocol: null,
117 verbose parsed url   slashes: null,
117 verbose parsed url   auth: null,
117 verbose parsed url   host: null,
117 verbose parsed url   port: null,
117 verbose parsed url   hostname: null,
117 verbose parsed url   hash: null,
117 verbose parsed url   search: null,
117 verbose parsed url   query: null,
117 verbose parsed url   pathname: '0.6.3',
117 verbose parsed url   path: '0.6.3',
117 verbose parsed url   href: '0.6.3' }
118 verbose addNamed [ 'nodemailer', '0.6.3' ]
119 verbose addNamed [ '0.6.3', '0.6.3' ]
120 silly lockFile f65b1803-nodemailer-0-6-3 nodemailer@0.6.3
121 verbose lock nodemailer@0.6.3 /Users/jitendrakhodani/.npm/f65b1803-nodemailer-0-6-3.lock
122 verbose cache add name="fast-csv" spec="0.2.4" args=["fast-csv","0.2.4"]
123 verbose parsed url { protocol: null,
123 verbose parsed url   slashes: null,
123 verbose parsed url   auth: null,
123 verbose parsed url   host: null,
123 verbose parsed url   port: null,
123 verbose parsed url   hostname: null,
123 verbose parsed url   hash: null,
123 verbose parsed url   search: null,
123 verbose parsed url   query: null,
123 verbose parsed url   pathname: '0.2.4',
123 verbose parsed url   path: '0.2.4',
123 verbose parsed url   href: '0.2.4' }
124 verbose addNamed [ 'fast-csv', '0.2.4' ]
125 verbose addNamed [ '0.2.4', '0.2.4' ]
126 silly lockFile 691a8754-fast-csv-0-2-4 fast-csv@0.2.4
127 verbose lock fast-csv@0.2.4 /Users/jitendrakhodani/.npm/691a8754-fast-csv-0-2-4.lock
128 verbose url raw fast-csv
129 verbose url resolving [ 'https://registry.npmjs.org/', './fast-csv' ]
130 verbose url resolved https://registry.npmjs.org/fast-csv
131 info trying registry request attempt 1 at 18:36:19
132 http GET https://registry.npmjs.org/fast-csv
133 verbose url raw express
134 verbose url resolving [ 'https://registry.npmjs.org/', './express' ]
135 verbose url resolved https://registry.npmjs.org/express
136 info trying registry request attempt 1 at 18:36:19
137 verbose etag "6F0WQTJQYQQWSYDXBZVOP8FJF"
138 http GET https://registry.npmjs.org/express
139 verbose url raw body-parser
140 verbose url resolving [ 'https://registry.npmjs.org/', './body-parser' ]
141 verbose url resolved https://registry.npmjs.org/body-parser
142 info trying registry request attempt 1 at 18:36:19
143 verbose etag "9H6YMVKDCFP9QVP1SDELIS1SV"
144 http GET https://registry.npmjs.org/body-parser
145 verbose url raw cookie-parser
146 verbose url resolving [ 'https://registry.npmjs.org/', './cookie-parser' ]
147 verbose url resolved https://registry.npmjs.org/cookie-parser
148 info trying registry request attempt 1 at 18:36:19
149 verbose etag "CLOC30RTK2OQ7QOAGX7EQ0TPD"
150 http GET https://registry.npmjs.org/cookie-parser
151 info retry will retry, error on last attempt: Error: getaddrinfo ENOTFOUND
152 verbose url raw mysql
153 verbose url resolving [ 'https://registry.npmjs.org/', './mysql' ]
154 verbose url resolved https://registry.npmjs.org/mysql
155 info trying registry request attempt 1 at 18:36:19
156 verbose etag "974946TH926SJMMH3YIVQFTBX"
157 http GET https://registry.npmjs.org/mysql
158 info retry will retry, error on last attempt: Error: getaddrinfo ENOTFOUND
159 verbose url raw bunyan
160 verbose url resolving [ 'https://registry.npmjs.org/', './bunyan' ]
161 verbose url resolved https://registry.npmjs.org/bunyan
162 info trying registry request attempt 1 at 18:36:19
163 verbose etag "4UNJIP96QWNBJTK7ZK518XXQ"
164 http GET https://registry.npmjs.org/bunyan
165 info retry will retry, error on last attempt: Error: getaddrinfo ENOTFOUND
166 verbose url raw mime
167 verbose url resolving [ 'https://registry.npmjs.org/', './mime' ]
168 verbose url resolved https://registry.npmjs.org/mime
169 info trying registry request attempt 1 at 18:36:19
170 verbose etag "C9HHYWT8MPT3M00UWH0JNR89Z"
171 http GET https://registry.npmjs.org/mime
172 verbose url raw forever
173 verbose url resolving [ 'https://registry.npmjs.org/', './forever' ]
174 verbose url resolved https://registry.npmjs.org/forever
175 info trying registry request attempt 1 at 18:36:19
176 verbose etag "2EQZ6PMOAGU848X74U9SRSH5R"
177 http GET https://registry.npmjs.org/forever
178 verbose url raw multer
179 verbose url resolving [ 'https://registry.npmjs.org/', './multer' ]
180 verbose url resolved https://registry.npmjs.org/multer
181 info trying registry request attempt 1 at 18:36:19
182 verbose etag "2TLYIT1XAVWRFR766G3CS9Q1K"
183 http GET https://registry.npmjs.org/multer
184 info retry will retry, error on last attempt: Error: getaddrinfo ENOTFOUND
185 info retry will retry, error on last attempt: Error: getaddrinfo ENOTFOUND
186 info retry will retry, error on last attempt: Error: getaddrinfo ENOTFOUND
187 info retry will retry, error on last attempt: Error: getaddrinfo ENOTFOUND
188 info retry will retry, error on last attempt: Error: getaddrinfo ENOTFOUND
189 info retry will retry, error on last attempt: Error: getaddrinfo ENOTFOUND
190 verbose url raw express-jwt
191 verbose url resolving [ 'https://registry.npmjs.org/', './express-jwt' ]
192 verbose url resolved https://registry.npmjs.org/express-jwt
193 info trying registry request attempt 1 at 18:36:19
194 verbose etag "D61HCYBCRRY1LKR08NFI0TJW2"
195 http GET https://registry.npmjs.org/express-jwt
196 verbose url raw jsonwebtoken
197 verbose url resolving [ 'https://registry.npmjs.org/', './jsonwebtoken' ]
198 verbose url resolved https://registry.npmjs.org/jsonwebtoken
199 info trying registry request attempt 1 at 18:36:19
200 verbose etag "445DN3YTR8B2VD3WE067S8KO6"
201 http GET https://registry.npmjs.org/jsonwebtoken
202 verbose url raw nodemailer
203 verbose url resolving [ 'https://registry.npmjs.org/', './nodemailer' ]
204 verbose url resolved https://registry.npmjs.org/nodemailer
205 info trying registry request attempt 1 at 18:36:19
206 verbose etag "ETE3GNK6RMLA4S3NZ4VZUKKFT"
207 http GET https://registry.npmjs.org/nodemailer
208 verbose url raw crypto
209 verbose url resolving [ 'https://registry.npmjs.org/', './crypto' ]
210 verbose url resolved https://registry.npmjs.org/crypto
211 info trying registry request attempt 1 at 18:36:19
212 verbose etag "7JDWE8NAKN9ZHZH71YXSUPFV8"
213 http GET https://registry.npmjs.org/crypto
214 info retry will retry, error on last attempt: Error: getaddrinfo ENOTFOUND
215 info retry will retry, error on last attempt: Error: getaddrinfo ENOTFOUND
216 info retry will retry, error on last attempt: Error: getaddrinfo ENOTFOUND
217 info retry will retry, error on last attempt: Error: getaddrinfo ENOTFOUND
218 info trying registry request attempt 2 at 18:36:29
219 verbose etag "6F0WQTJQYQQWSYDXBZVOP8FJF"
220 http GET https://registry.npmjs.org/express
221 info retry will retry, error on last attempt: Error: getaddrinfo ENOTFOUND
222 info trying registry request attempt 2 at 18:36:29
223 verbose etag "CLOC30RTK2OQ7QOAGX7EQ0TPD"
224 http GET https://registry.npmjs.org/cookie-parser
225 info retry will retry, error on last attempt: Error: getaddrinfo ENOTFOUND
226 info trying registry request attempt 2 at 18:36:29
227 verbose etag "9H6YMVKDCFP9QVP1SDELIS1SV"
228 http GET https://registry.npmjs.org/body-parser
229 info retry will retry, error on last attempt: Error: getaddrinfo ENOTFOUND
230 info trying registry request attempt 2 at 18:36:29
231 http GET https://registry.npmjs.org/fast-csv
232 info retry will retry, error on last attempt: Error: getaddrinfo ENOTFOUND
233 info trying registry request attempt 2 at 18:36:29
234 verbose etag "974946TH926SJMMH3YIVQFTBX"
235 http GET https://registry.npmjs.org/mysql
236 info trying registry request attempt 2 at 18:36:29
237 verbose etag "4UNJIP96QWNBJTK7ZK518XXQ"
238 http GET https://registry.npmjs.org/bunyan
239 info trying registry request attempt 2 at 18:36:29
240 verbose etag "C9HHYWT8MPT3M00UWH0JNR89Z"
241 http GET https://registry.npmjs.org/mime
242 info trying registry request attempt 2 at 18:36:29
243 verbose etag "2EQZ6PMOAGU848X74U9SRSH5R"
244 http GET https://registry.npmjs.org/forever
245 info trying registry request attempt 2 at 18:36:29
246 verbose etag "2TLYIT1XAVWRFR766G3CS9Q1K"
247 http GET https://registry.npmjs.org/multer
248 info retry will retry, error on last attempt: Error: getaddrinfo ENOTFOUND
249 info retry will retry, error on last attempt: Error: getaddrinfo ENOTFOUND
250 info retry will retry, error on last attempt: Error: getaddrinfo ENOTFOUND
251 info retry will retry, error on last attempt: Error: getaddrinfo ENOTFOUND
252 info retry will retry, error on last attempt: Error: getaddrinfo ENOTFOUND
253 info trying registry request attempt 2 at 18:36:29
254 verbose etag "D61HCYBCRRY1LKR08NFI0TJW2"
255 http GET https://registry.npmjs.org/express-jwt
256 info trying registry request attempt 2 at 18:36:29
257 verbose etag "445DN3YTR8B2VD3WE067S8KO6"
258 http GET https://registry.npmjs.org/jsonwebtoken
259 info trying registry request attempt 2 at 18:36:29
260 verbose etag "ETE3GNK6RMLA4S3NZ4VZUKKFT"
261 http GET https://registry.npmjs.org/nodemailer
262 info trying registry request attempt 2 at 18:36:29
263 verbose etag "7JDWE8NAKN9ZHZH71YXSUPFV8"
264 http GET https://registry.npmjs.org/crypto
265 info retry will retry, error on last attempt: Error: getaddrinfo ENOTFOUND
266 info retry will retry, error on last attempt: Error: getaddrinfo ENOTFOUND
267 info retry will retry, error on last attempt: Error: getaddrinfo ENOTFOUND
268 info retry will retry, error on last attempt: Error: getaddrinfo ENOTFOUND
269 info trying registry request attempt 3 at 18:37:29
270 verbose etag "6F0WQTJQYQQWSYDXBZVOP8FJF"
271 http GET https://registry.npmjs.org/express
272 info trying registry request attempt 3 at 18:37:29
273 verbose etag "CLOC30RTK2OQ7QOAGX7EQ0TPD"
274 http GET https://registry.npmjs.org/cookie-parser
275 info trying registry request attempt 3 at 18:37:29
276 verbose etag "9H6YMVKDCFP9QVP1SDELIS1SV"
277 http GET https://registry.npmjs.org/body-parser
278 info trying registry request attempt 3 at 18:37:29
279 http GET https://registry.npmjs.org/fast-csv
280 info trying registry request attempt 3 at 18:37:29
281 verbose etag "974946TH926SJMMH3YIVQFTBX"
282 http GET https://registry.npmjs.org/mysql
283 info trying registry request attempt 3 at 18:37:29
284 verbose etag "4UNJIP96QWNBJTK7ZK518XXQ"
285 http GET https://registry.npmjs.org/bunyan
286 info trying registry request attempt 3 at 18:37:29
287 verbose etag "C9HHYWT8MPT3M00UWH0JNR89Z"
288 http GET https://registry.npmjs.org/mime
289 info trying registry request attempt 3 at 18:37:29
290 verbose etag "2EQZ6PMOAGU848X74U9SRSH5R"
291 http GET https://registry.npmjs.org/forever
292 info trying registry request attempt 3 at 18:37:29
293 verbose etag "2TLYIT1XAVWRFR766G3CS9Q1K"
294 http GET https://registry.npmjs.org/multer
295 info trying registry request attempt 3 at 18:37:29
296 verbose etag "D61HCYBCRRY1LKR08NFI0TJW2"
297 http GET https://registry.npmjs.org/express-jwt
298 info trying registry request attempt 3 at 18:37:29
299 verbose etag "445DN3YTR8B2VD3WE067S8KO6"
300 http GET https://registry.npmjs.org/jsonwebtoken
301 info trying registry request attempt 3 at 18:37:29
302 verbose etag "ETE3GNK6RMLA4S3NZ4VZUKKFT"
303 http GET https://registry.npmjs.org/nodemailer
304 info trying registry request attempt 3 at 18:37:29
305 verbose etag "7JDWE8NAKN9ZHZH71YXSUPFV8"
306 http GET https://registry.npmjs.org/crypto
307 silly lockFile 691a8754-fast-csv-0-2-4 fast-csv@0.2.4
308 silly lockFile 691a8754-fast-csv-0-2-4 fast-csv@0.2.4
309 silly registry.get cb [ 304, undefined ]
310 verbose etag body-parser from cache
311 silly registry.get cb [ 304, undefined ]
312 verbose etag cookie-parser from cache
313 silly registry.get cb [ 304, undefined ]
314 verbose etag express from cache
315 silly registry.get cb [ 304, undefined ]
316 verbose etag mysql from cache
317 error network getaddrinfo ENOTFOUND
317 error network This is most likely not a problem with npm itself
317 error network and is related to network connectivity.
317 error network In most cases you are behind a proxy or have bad network settings.
317 error network
317 error network If you are behind a proxy, please make sure that the
317 error network 'proxy' config is set properly.  See: 'npm help config'
318 error System Darwin 13.1.0
319 error command "node" "/usr/local/bin/npm" "install"
320 error cwd /Users/jitendrakhodani/Desktop/Project/Second Teacher
321 error node -v v0.10.29
322 error npm -v 1.4.14
323 error syscall getaddrinfo
324 error code ENOTFOUND
325 error errno ENOTFOUND
326 verbose exit [ 1, true ]
