{"name":"EVENT_REG_LOGGER","hostname":"BLRVSURYA42224","pid":6324,"level":50,"msg":"Error in Executing Query : ER_NO_SUCH_TABLE: Table 'event_dev.evensts' doesn't exist","time":"2014-04-29T07:04:46.134Z","v":0}
{"name":"EVENT_REG_LOGGER","hostname":"BLRVSURYA42224","pid":192,"level":50,"msg":"Error in Executing Query : ER_NO_SUCH_TABLE: Table 'event_dev.event_agendaa' doesn't exist","time":"2014-04-29T10:53:35.565Z","v":0}
{"name":"EVENT_REG_LOGGER","hostname":"BLRVSURYA42224","pid":192,"level":50,"msg":"Cannot set property 'data' of undefined","time":"2014-04-29T10:53:35.566Z","v":0}
{"name":"EVENT_REG_LOGGER","hostname":"BLRVSURYA42224","pid":6752,"level":50,"msg":"Error in Executing Query : ER_NO_SUCH_TABLE: Table 'event_dev.event_agendaa' doesn't exist","time":"2014-04-29T10:56:41.127Z","v":0}
{"name":"EVENT_REG_LOGGER","hostname":"BLRVSURYA42224","pid":6752,"level":50,"msg":"Cannot set property 'data' of undefined","time":"2014-04-29T10:56:41.131Z","v":0}
{"name":"EVENT_REG_LOGGER","hostname":"BLRVSURYA42224","pid":5680,"level":50,"msg":"Error in Executing Query : ER_NO_SUCH_TABLE: Table 'event_dev.event_agendaa' doesn't exist","time":"2014-04-29T10:57:47.090Z","v":0}
{"name":"EVENT_REG_LOGGER","hostname":"BLRVSURYA42224","pid":7872,"level":50,"msg":"Cannot set property 'data' of undefined","time":"2014-04-29T10:58:31.132Z","v":0}
{"name":"EVENT_REG_LOGGER","hostname":"BLRVSURYA42224","pid":7736,"level":50,"msg":"Cannot set property 'data' of undefined","time":"2014-04-29T11:00:07.451Z","v":0}
{"name":"EVENT_REG_LOGGER","hostname":"BLRVSURYA42224","pid":3312,"level":50,"msg":"Cannot set property 'data' of undefined","time":"2014-04-29T11:03:08.280Z","v":0}
{"name":"EVENT_REG_LOGGER","hostname":"BLRVSURYA42224","pid":7800,"level":50,"msg":"Error in Executing Query : ER_NO_SUCH_TABLE: Table 'event_dev.event_agendaa' doesn't exist","time":"2014-04-29T11:04:36.777Z","v":0}
{"name":"EVENT_REG_LOGGER","hostname":"BLRVSURYA42224","pid":7248,"level":50,"msg":"inserted_agenda_id is not defined","time":"2014-04-30T04:18:49.558Z","v":0}
{"name":"EVENT_REG_LOGGER","hostname":"BLRVSURYA42224","pid":8060,"level":50,"msg":"Error in Executing Query : ER_NO_REFERENCED_ROW_: Cannot add or update a child row: a foreign key constraint fails (`event_dev`.`agenda_speaker`, CONSTRAINT `ag_fk_1` FOREIGN KEY (`agenda_id`) REFERENCES `event_agenda` (`agenda_id`) ON DELETE CASCADE ON UPDATE CASCADE)","time":"2014-04-30T04:19:28.275Z","v":0}
{"name":"EVENT_REG_LOGGER","hostname":"BLRVSURYA42224","pid":6860,"level":50,"msg":"Error in Executing Query : ER_NO_REFERENCED_ROW_: Cannot add or update a child row: a foreign key constraint fails (`event_dev`.`agenda_speaker`, CONSTRAINT `ag_fk_1` FOREIGN KEY (`agenda_id`) REFERENCES `event_agenda` (`agenda_id`) ON DELETE CASCADE ON UPDATE CASCADE)","time":"2014-04-30T04:21:06.266Z","v":0}
{"name":"EVENT_REG_LOGGER","hostname":"BLRVSURYA42224","pid":6992,"level":50,"msg":"Error in Executing Query : ER_NO_REFERENCED_ROW_: Cannot add or update a child row: a foreign key constraint fails (`event_dev`.`agenda_speaker`, CONSTRAINT `ag_fk_1` FOREIGN KEY (`agenda_id`) REFERENCES `event_agenda` (`agenda_id`) ON DELETE CASCADE ON UPDATE CASCADE)","time":"2014-04-30T04:22:16.116Z","v":0}
{"name":"EVENT_REG_LOGGER","hostname":"BLRVSURYA42224","pid":5228,"level":50,"msg":"Error in Executing Query : ER_NO_SUCH_TABLE: Table 'event_dev.event_agendaa' doesn't exist","time":"2014-04-30T04:37:29.319Z","v":0}
{"name":"EVENT_REG_LOGGER","hostname":"BLRVSURYA42224","pid":7376,"level":50,"msg":"jwt is not defined","time":"2014-04-30T04:41:47.278Z","v":0}
{"name":"EVENT_REG_LOGGER","hostname":"BLRVSURYA42224","pid":9076,"level":50,"msg":"secret must be a string or buffer","time":"2014-05-02T06:38:50.138Z","v":0}
{"name":"EVENT_REG_LOGGER","hostname":"BLRVSURYA42224","pid":8656,"level":50,"msg":"secret must be a string or buffer","time":"2014-05-02T06:39:17.894Z","v":0}
{"name":"EVENT_REG_LOGGER","hostname":"BLRVSURYA42224","pid":780,"level":50,"msg":"secret must be a string or buffer","time":"2014-05-02T06:40:31.227Z","v":0}
{"name":"EVENT_REG_LOGGER","hostname":"BLRVSURYA42224","pid":6528,"level":50,"msg":"secret must be a string or buffer","time":"2014-05-02T06:41:45.222Z","v":0}
{"name":"EVENT_REG_LOGGER","hostname":"BLRVSURYA42224","pid":8516,"level":50,"msg":"Error in Executing Query : ER_NO_DB_ERROR: No database selected","time":"2014-05-02T07:11:29.760Z","v":0}
{"name":"EVENT_REG_LOGGER","hostname":"BLRVSURYA42224","pid":8516,"level":50,"msg":"Cannot read property 'pass_salt' of undefined","time":"2014-05-02T07:11:29.765Z","v":0}
{"name":"EVENT_REG_LOGGER","hostname":"BLRVSURYA42224","pid":8904,"level":50,"msg":"Error in Executing Query : ER_BAD_FIELD_ERROR: Unknown column 'pass_salt' in 'field list'","time":"2014-05-02T07:13:02.472Z","v":0}
{"name":"EVENT_REG_LOGGER","hostname":"BLRVSURYA42224","pid":8904,"level":50,"msg":"Cannot read property 'pass_salt' of undefined","time":"2014-05-02T07:13:02.476Z","v":0}
