{"name":"EVENT_REG_LOGGER","hostname":"BANGVMPWMINDA","pid":3696,"level":50,"msg":"curr_email is not defined","time":"2014-05-05T05:45:18.262Z","v":0}
{"name":"EVENT_REG_LOGGER","hostname":"BANGVMPWMINDA","pid":6980,"level":50,"msg":"ENOENT, open 'E:\\XI-DEV\\Development\\server_configured\\content\\uploads\\sample_gm.csv'","time":"2014-05-05T10:51:08.625Z","v":0}
{"name":"EVENT_REG_LOGGER","hostname":"BANGVMPWMINDA","pid":5824,"level":50,"msg":"Error in Executing Query : ER_DUP_ENTRY: Duplicate entry 'wersa@sapiendt.com' for key 'email_id_UNIQUE'","time":"2014-05-06T04:27:17.031Z","v":0}
{"name":"EVENT_REG_LOGGER","hostname":"BANGVMPWMINDA","pid":5824,"level":50,"msg":"Error in Executing Query : ER_DUP_ENTRY: Duplicate entry 'qaszx@sapiednt.com' for key 'email_id_UNIQUE'","time":"2014-05-06T04:27:17.031Z","v":0}
{"name":"EVENT_REG_LOGGER","hostname":"BANGVMPWMINDA","pid":3296,"level":50,"msg":"Error in Executing Simple Query : ER_DUP_ENTRY: Duplicate entry 'wersa@sapiendt.com' for key 'email_id_UNIQUE'","time":"2014-05-06T04:32:50.657Z","v":0}
{"name":"EVENT_REG_LOGGER","hostname":"BANGVMPWMINDA","pid":3296,"level":50,"msg":"Error in Executing Simple Query : ER_DUP_ENTRY: Duplicate entry 'vsuryawanshi5@gmail.com' for key 'email_id_UNIQUE'","time":"2014-05-06T04:32:50.657Z","v":0}
{"name":"EVENT_REG_LOGGER","hostname":"BANGVMPWMINDA","pid":5552,"level":50,"msg":"ENOENT, open 'E:\\XI-DEV\\Development\\server_configured\\content\\uploads\\sample_nitro.csv'","time":"2014-05-06T05:01:41.446Z","v":0}
{"name":"EVENT_REG_LOGGER","hostname":"BANGVMPWMINDA","pid":5672,"level":50,"msg":"Error in Executing Simple Query : ER_NO_DEFAULT_FOR_FIELD: Field 'tracker_id' doesn't have a default value","time":"2014-05-06T05:45:45.150Z","v":0}
{"name":"EVENT_REG_LOGGER","hostname":"BANGVMPWMINDA","pid":5672,"level":50,"msg":"Error in Executing Simple Query : ER_NO_DEFAULT_FOR_FIELD: Field 'tracker_id' doesn't have a default value","time":"2014-05-06T05:45:45.181Z","v":0}
{"name":"EVENT_REG_LOGGER","hostname":"BANGVMPWMINDA","pid":5672,"level":50,"msg":"Error in Executing Simple Query : ER_NO_DEFAULT_FOR_FIELD: Field 'tracker_id' doesn't have a default value","time":"2014-05-06T05:45:45.197Z","v":0}
{"name":"EVENT_REG_LOGGER","hostname":"BANGVMPWMINDA","pid":5672,"level":50,"msg":"Error in Executing Simple Query : ER_NO_DEFAULT_FOR_FIELD: Field 'tracker_id' doesn't have a default value","time":"2014-05-06T05:45:45.213Z","v":0}
{"name":"EVENT_REG_LOGGER","hostname":"BANGVMPWMINDA","pid":5672,"level":50,"msg":"Error in Executing Simple Query : ER_NO_DEFAULT_FOR_FIELD: Field 'tracker_id' doesn't have a default value","time":"2014-05-06T05:45:45.228Z","v":0}
{"name":"EVENT_REG_LOGGER","hostname":"BANGVMPWMINDA","pid":5672,"level":50,"msg":"Error in Executing Simple Query : ER_NO_DEFAULT_FOR_FIELD: Field 'tracker_id' doesn't have a default value","time":"2014-05-06T05:45:45.228Z","v":0}
{"name":"EVENT_REG_LOGGER","hostname":"BANGVMPWMINDA","pid":5672,"level":50,"msg":"Error in Executing Simple Query : ER_NO_DEFAULT_FOR_FIELD: Field 'tracker_id' doesn't have a default value","time":"2014-05-06T05:45:45.244Z","v":0}
{"name":"EVENT_REG_LOGGER","hostname":"BANGVMPWMINDA","pid":5672,"level":50,"msg":"Error in Executing Simple Query : ER_NO_DEFAULT_FOR_FIELD: Field 'tracker_id' doesn't have a default value","time":"2014-05-06T05:45:45.244Z","v":0}
{"name":"EVENT_REG_LOGGER","hostname":"BANGVMPWMINDA","pid":5672,"level":50,"msg":"Error in Executing Simple Query : ER_NO_DEFAULT_FOR_FIELD: Field 'tracker_id' doesn't have a default value","time":"2014-05-06T05:45:45.259Z","v":0}
{"name":"EVENT_REG_LOGGER","hostname":"BANGVMPWMINDA","pid":5672,"level":50,"msg":"Error in Executing Simple Query : ER_NO_DEFAULT_FOR_FIELD: Field 'tracker_id' doesn't have a default value","time":"2014-05-06T05:45:45.259Z","v":0}
{"name":"EVENT_REG_LOGGER","hostname":"BANGVMPWMINDA","pid":5668,"level":50,"msg":"Error in Executing Simple Query : ER_SP_DOES_NOT_EXIST: PROCEDURE event_qa.sinsert_user does not exist","time":"2014-05-06T06:19:02.810Z","v":0}
{"name":"EVENT_REG_LOGGER","hostname":"BANGVMPWMINDA","pid":5668,"level":50,"msg":"Error in Executing Simple Query : ER_SP_DOES_NOT_EXIST: PROCEDURE event_qa.sinsert_user does not exist","time":"2014-05-06T06:19:02.826Z","v":0}
{"name":"EVENT_REG_LOGGER","hostname":"BANGVMPWMINDA","pid":5668,"level":50,"msg":"Error in Executing Simple Query : ER_SP_DOES_NOT_EXIST: PROCEDURE event_qa.sinsert_user does not exist","time":"2014-05-06T06:19:02.826Z","v":0}
{"name":"EVENT_REG_LOGGER","hostname":"BANGVMPWMINDA","pid":5668,"level":50,"msg":"Error in Executing Simple Query : ER_SP_DOES_NOT_EXIST: PROCEDURE event_qa.sinsert_user does not exist","time":"2014-05-06T06:19:02.826Z","v":0}
{"name":"EVENT_REG_LOGGER","hostname":"BANGVMPWMINDA","pid":5668,"level":50,"msg":"Error in Executing Simple Query : ER_SP_DOES_NOT_EXIST: PROCEDURE event_qa.sinsert_user does not exist","time":"2014-05-06T06:19:02.842Z","v":0}
{"name":"EVENT_REG_LOGGER","hostname":"BANGVMPWMINDA","pid":5668,"level":50,"msg":"Error in Executing Simple Query : ER_SP_DOES_NOT_EXIST: PROCEDURE event_qa.sinsert_user does not exist","time":"2014-05-06T06:19:02.842Z","v":0}
{"name":"EVENT_REG_LOGGER","hostname":"BANGVMPWMINDA","pid":5668,"level":50,"msg":"Error in Executing Simple Query : ER_SP_DOES_NOT_EXIST: PROCEDURE event_qa.sinsert_user does not exist","time":"2014-05-06T06:19:02.842Z","v":0}
{"name":"EVENT_REG_LOGGER","hostname":"BANGVMPWMINDA","pid":5668,"level":50,"msg":"Error in Executing Simple Query : ER_SP_DOES_NOT_EXIST: PROCEDURE event_qa.sinsert_user does not exist","time":"2014-05-06T06:19:02.842Z","v":0}
{"name":"EVENT_REG_LOGGER","hostname":"BANGVMPWMINDA","pid":5668,"level":50,"msg":"Error in Executing Simple Query : ER_SP_DOES_NOT_EXIST: PROCEDURE event_qa.sinsert_user does not exist","time":"2014-05-06T06:19:02.842Z","v":0}
{"name":"EVENT_REG_LOGGER","hostname":"BANGVMPWMINDA","pid":5668,"level":50,"msg":"Error in Executing Simple Query : ER_SP_DOES_NOT_EXIST: PROCEDURE event_qa.sinsert_user does not exist","time":"2014-05-06T06:19:02.857Z","v":0}
{"name":"EVENT_REG_LOGGER","hostname":"BANGVMPWMINDA","pid":3732,"level":50,"msg":"Error in Executing Simple Query : ER_SP_DOES_NOT_EXIST: PROCEDURE event_qa.sinsert_user does not exist","time":"2014-05-06T06:21:46.609Z","v":0}
{"name":"EVENT_REG_LOGGER","hostname":"BANGVMPWMINDA","pid":3732,"level":50,"msg":"Error in Executing Simple Query : ER_SP_DOES_NOT_EXIST: PROCEDURE event_qa.sinsert_user does not exist","time":"2014-05-06T06:21:46.609Z","v":0}
{"name":"EVENT_REG_LOGGER","hostname":"BANGVMPWMINDA","pid":3732,"level":50,"msg":"Error in Executing Simple Query : ER_SP_DOES_NOT_EXIST: PROCEDURE event_qa.sinsert_user does not exist","time":"2014-05-06T06:21:46.624Z","v":0}
{"name":"EVENT_REG_LOGGER","hostname":"BANGVMPWMINDA","pid":3732,"level":50,"msg":"Error in Executing Simple Query : ER_SP_DOES_NOT_EXIST: PROCEDURE event_qa.sinsert_user does not exist","time":"2014-05-06T06:21:46.624Z","v":0}
{"name":"EVENT_REG_LOGGER","hostname":"BANGVMPWMINDA","pid":3732,"level":50,"msg":"Error in Executing Simple Query : ER_SP_DOES_NOT_EXIST: PROCEDURE event_qa.sinsert_user does not exist","time":"2014-05-06T06:21:46.624Z","v":0}
{"name":"EVENT_REG_LOGGER","hostname":"BANGVMPWMINDA","pid":3732,"level":50,"msg":"Error in Executing Simple Query : ER_SP_DOES_NOT_EXIST: PROCEDURE event_qa.sinsert_user does not exist","time":"2014-05-06T06:21:46.624Z","v":0}
{"name":"EVENT_REG_LOGGER","hostname":"BANGVMPWMINDA","pid":3732,"level":50,"msg":"Error in Executing Simple Query : ER_SP_DOES_NOT_EXIST: PROCEDURE event_qa.sinsert_user does not exist","time":"2014-05-06T06:21:46.640Z","v":0}
{"name":"EVENT_REG_LOGGER","hostname":"BANGVMPWMINDA","pid":3732,"level":50,"msg":"Error in Executing Simple Query : ER_SP_DOES_NOT_EXIST: PROCEDURE event_qa.sinsert_user does not exist","time":"2014-05-06T06:21:46.640Z","v":0}
{"name":"EVENT_REG_LOGGER","hostname":"BANGVMPWMINDA","pid":3732,"level":50,"msg":"Error in Executing Simple Query : ER_SP_DOES_NOT_EXIST: PROCEDURE event_qa.sinsert_user does not exist","time":"2014-05-06T06:21:46.640Z","v":0}
{"name":"EVENT_REG_LOGGER","hostname":"BANGVMPWMINDA","pid":3732,"level":50,"msg":"Error in Executing Simple Query : ER_SP_DOES_NOT_EXIST: PROCEDURE event_qa.sinsert_user does not exist","time":"2014-05-06T06:21:46.640Z","v":0}
{"name":"EVENT_REG_LOGGER","hostname":"BANGVMPWMINDA","pid":3528,"level":50,"msg":"Error in Executing Simple Query : ER_NO_SUCH_TABLE: Table 'event_qa.event_wagenda' doesn't exist","time":"2014-05-06T06:35:40.104Z","v":0}
{"name":"EVENT_REG_LOGGER","hostname":"BANGVMPWMINDA","pid":3528,"level":50,"msg":"Error in Executing Simple Query : ER_NO_SUCH_TABLE: Table 'event_qa.event_wagenda' doesn't exist","time":"2014-05-06T06:36:36.455Z","v":0}
{"name":"EVENT_REG_LOGGER","hostname":"BANGVMPWMINDA","pid":7080,"level":50,"msg":"Error in Executing Simple Query : ER_NO_SUCH_TABLE: Table 'event_qa.speakersa' doesn't exist","time":"2014-05-06T06:52:48.969Z","v":0}
{"name":"EVENT_REG_LOGGER","hostname":"BANGVMPWMINDA","pid":6212,"level":50,"msg":"Error in Executing Simple Query : ER_PARSE_ERROR: You have an error in your SQL syntax; check the manual that corresponds to your MySQL server version for the right syntax to use near '?' at line 1","time":"2014-05-07T04:50:34.506Z","v":0}
{"name":"EVENT_REG_LOGGER","hostname":"BANGVMPWMINDA","pid":6564,"level":50,"msg":"Error in Executing Simple Query : ER_PARSE_ERROR: You have an error in your SQL syntax; check the manual that corresponds to your MySQL server version for the right syntax to use near '?' at line 1","time":"2014-05-07T04:54:12.610Z","v":0}
{"name":"EVENT_REG_LOGGER","hostname":"BANGVMPWMINDA","pid":6564,"level":50,"msg":"Error in Executing Simple Query : ER_PARSE_ERROR: You have an error in your SQL syntax; check the manual that corresponds to your MySQL server version for the right syntax to use near '?' at line 1","time":"2014-05-07T04:59:16.548Z","v":0}
{"name":"EVENT_REG_LOGGER","hostname":"BANGVMPWMINDA","pid":6564,"level":50,"msg":"Error in Executing Simple Query : ER_PARSE_ERROR: You have an error in your SQL syntax; check the manual that corresponds to your MySQL server version for the right syntax to use near '?' at line 1","time":"2014-05-07T04:59:35.876Z","v":0}
{"name":"EVENT_REG_LOGGER","hostname":"BANGVMPWMINDA","pid":2552,"level":50,"msg":"Error in Executing Query : ER_PARSE_ERROR: You have an error in your SQL syntax; check the manual that corresponds to your MySQL server version for the right syntax to use near '?' at line 1","time":"2014-05-13T16:17:03.781Z","v":0}
{"name":"EVENT_REG_LOGGER","hostname":"BANGVMPWMINDA","pid":1784,"level":50,"msg":"Error in Executing Simple Query : ER_SP_WRONG_NO_OF_ARGS: Incorrect number of arguments for PROCEDURE event_qa.insert_without_feedback; expected 7, got 6","time":"2014-05-13T17:00:52.891Z","v":0}
{"name":"EVENT_REG_LOGGER","hostname":"bangvmplMINA01.sapient.com","pid":1776,"level":50,"msg":"Cannot read property 'from_date' of undefined","time":"2014-05-28T06:39:43.005Z","v":0}
{"name":"EVENT_REG_LOGGER","hostname":"bangvmplMINA01.sapient.com","pid":1777,"level":50,"msg":"Cannot read property 'from_date' of undefined","time":"2014-05-28T06:40:28.559Z","v":0}
{"name":"EVENT_REG_LOGGER","hostname":"bangvmplMINA01.sapient.com","pid":1777,"level":50,"msg":"Cannot read property 'from_date' of undefined","time":"2014-05-28T06:42:35.304Z","v":0}
{"name":"EVENT_REG_LOGGER","hostname":"bangvmplMINA01.sapient.com","pid":1777,"level":50,"msg":"Error in Executing Query : ER_DATA_TOO_LONG: Data too long for column 'event_type' at row 1","time":"2014-05-28T08:57:13.802Z","v":0}
{"name":"EVENT_REG_LOGGER","hostname":"bangvmplMINA01.sapient.com","pid":1777,"level":50,"msg":"Error in Executing Query : ER_DATA_TOO_LONG: Data too long for column 'event_type' at row 1","time":"2014-05-28T08:57:27.242Z","v":0}
{"name":"EVENT_REG_LOGGER","hostname":"bangvmplMINA01.sapient.com","pid":2694,"level":50,"msg":"Error in Executing Query : ER_TRUNCATED_WRONG_VALUE: Incorrect datetime value: '' for column 'to_date' at row 1","time":"2014-05-28T09:25:06.224Z","v":0}
{"name":"EVENT_REG_LOGGER","hostname":"bangvmplMINA01.sapient.com","pid":2699,"level":50,"msg":"Error in Executing Query : ER_TRUNCATED_WRONG_VALUE: Incorrect datetime value: '' for column 'to_date' at row 1","time":"2014-05-28T09:25:15.295Z","v":0}
{"name":"EVENT_REG_LOGGER","hostname":"bangvmplMINA01.sapient.com","pid":2694,"level":50,"msg":"Cannot read property 'length' of undefined","time":"2014-05-28T09:30:55.457Z","v":0}
{"name":"EVENT_REG_LOGGER","hostname":"bangvmplMINA01.sapient.com","pid":2699,"level":50,"msg":"Cannot read property 'length' of undefined","time":"2014-05-28T09:35:10.371Z","v":0}
{"name":"EVENT_REG_LOGGER","hostname":"bangvmplMINA01.sapient.com","pid":3173,"level":50,"msg":"Error in Executing Query : ER_DATA_TOO_LONG: Data too long for column 'fb_page' at row 1","time":"2014-05-28T10:15:31.026Z","v":0}
{"name":"EVENT_REG_LOGGER","hostname":"bangvmplMINA01.sapient.com","pid":3173,"level":50,"msg":"Error in Executing Query : ER_DATA_TOO_LONG: Data too long for column 'fb_page' at row 1","time":"2014-05-28T10:16:15.438Z","v":0}
{"name":"EVENT_REG_LOGGER","hostname":"bangvmplMINA01.sapient.com","pid":3175,"level":50,"msg":"Error in Executing Query : ER_DATA_TOO_LONG: Data too long for column 'fb_page' at row 1","time":"2014-05-28T10:17:14.206Z","v":0}
{"name":"EVENT_REG_LOGGER","hostname":"bangvmplMINA01.sapient.com","pid":3175,"level":50,"msg":"Error in Executing Query : ER_DATA_TOO_LONG: Data too long for column 'fb_page' at row 1","time":"2014-05-28T10:18:18.731Z","v":0}
{"name":"EVENT_REG_LOGGER","hostname":"bangvmplMINA01.sapient.com","pid":4447,"level":50,"msg":"Error in Executing Simple Query : ER_PARSE_ERROR: You have an error in your SQL syntax; check the manual that corresponds to your MySQL server version for the right syntax to use near '8682006708e984436ec4ef94d7f64ce5d1a075da'' , first_sign_in = 'y' WHERE email_id ' at line 1","time":"2014-05-28T11:57:13.614Z","v":0}
{"name":"EVENT_REG_LOGGER","hostname":"bangvmplMINA01.sapient.com","pid":4493,"level":50,"msg":"Error in Executing Simple Query : ER_PARSE_ERROR: You have an error in your SQL syntax; check the manual that corresponds to your MySQL server version for the right syntax to use near '39f5942552373f3c851bfff8783dea849240e0c1' , `first_sign_in` = 'y' WHERE `email_i' at line 1","time":"2014-05-28T12:00:06.509Z","v":0}
{"name":"EVENT_REG_LOGGER","hostname":"bangvmplMINA01.sapient.com","pid":4794,"level":50,"msg":"Error in Executing Simple Query : ER_DATA_TOO_LONG: Data too long for column 'contact_number' at row 2","time":"2014-05-28T13:17:20.249Z","v":0}
{"name":"EVENT_REG_LOGGER","hostname":"bangvmplMINA01.sapient.com","pid":4798,"level":50,"msg":"Error in Executing Simple Query : ER_DATA_TOO_LONG: Data too long for column 'contact_number' at row 2","time":"2014-05-28T13:22:26.030Z","v":0}
{"name":"EVENT_REG_LOGGER","hostname":"bangvmplMINA01.sapient.com","pid":9399,"level":50,"msg":"Cannot read property 'length' of undefined","time":"2014-05-30T06:54:49.994Z","v":0}
{"name":"EVENT_REG_LOGGER","hostname":"bangvmplMINA01.sapient.com","pid":9400,"level":50,"msg":"Error in Executing Query : ER_TRUNCATED_WRONG_VALUE: Incorrect datetime value: '2014-08-10T02:30:21.000Z' for column 'to_date' at row 1","time":"2014-05-30T06:55:14.595Z","v":0}
{"name":"EVENT_REG_LOGGER","hostname":"bangvmplMINA01.sapient.com","pid":9400,"level":50,"msg":"Cannot read property 'length' of undefined","time":"2014-05-30T06:55:14.599Z","v":0}
{"name":"EVENT_REG_LOGGER","hostname":"bangvmplMINA01.sapient.com","pid":6956,"level":50,"msg":"Error in Executing Simple Query : ER_PARSE_ERROR: You have an error in your SQL syntax; check the manual that corresponds to your MySQL server version for the right syntax to use near 'FROM agenda_speaker a, speakers s WHERE a.speaker_id = s.speaker_id AND a.agenda' at line 1","time":"2014-06-04T06:35:04.596Z","v":0}
{"name":"EVENT_REG_LOGGER","hostname":"bangvmplMINA01.sapient.com","pid":6956,"level":50,"msg":"Error in Executing Simple Query : ER_PARSE_ERROR: You have an error in your SQL syntax; check the manual that corresponds to your MySQL server version for the right syntax to use near 'FROM agenda_speaker a, speakers s WHERE a.speaker_id = s.speaker_id AND a.agenda' at line 1","time":"2014-06-04T06:35:04.606Z","v":0}
{"name":"EVENT_REG_LOGGER","hostname":"bangvmplMINA01.sapient.com","pid":6956,"level":50,"msg":"Error in Executing Simple Query : ER_PARSE_ERROR: You have an error in your SQL syntax; check the manual that corresponds to your MySQL server version for the right syntax to use near 'FROM agenda_speaker a, speakers s WHERE a.speaker_id = s.speaker_id AND a.agenda' at line 1","time":"2014-06-04T06:35:04.609Z","v":0}
{"name":"EVENT_REG_LOGGER","hostname":"bangvmplMINA01.sapient.com","pid":7231,"level":50,"msg":"ag_speakers is not defined","time":"2014-06-04T06:40:27.169Z","v":0}
{"name":"EVENT_REG_LOGGER","hostname":"bangvmplMINA01.sapient.com","pid":7231,"level":50,"msg":"Error in Executing Simple Query : ER_BAD_FIELD_ERROR: Unknown column 'a.agenda_title' in 'field list'","time":"2014-06-04T06:40:27.176Z","v":0}
{"name":"EVENT_REG_LOGGER","hostname":"bangvmplMINA01.sapient.com","pid":7231,"level":50,"msg":"Error in Executing Simple Query : ER_BAD_FIELD_ERROR: Unknown column 'a.agenda_title' in 'field list'","time":"2014-06-04T06:40:27.195Z","v":0}
{"name":"EVENT_REG_LOGGER","hostname":"bangvmplMINA01.sapient.com","pid":7231,"level":50,"msg":"Error in Executing Simple Query : ER_BAD_FIELD_ERROR: Unknown column 'a.agenda_title' in 'field list'","time":"2014-06-04T06:40:27.198Z","v":0}
{"name":"EVENT_REG_LOGGER","hostname":"bangvmplMINA01.sapient.com","pid":7310,"level":50,"msg":"Error in Executing Simple Query : ER_BAD_FIELD_ERROR: Unknown column 'a.agenda_title' in 'field list'","time":"2014-06-04T06:44:19.756Z","v":0}
{"name":"EVENT_REG_LOGGER","hostname":"bangvmplMINA01.sapient.com","pid":7310,"level":50,"msg":"response is not defined","time":"2014-06-04T06:44:19.771Z","v":0}
{"name":"EVENT_REG_LOGGER","hostname":"bangvmplMINA01.sapient.com","pid":7310,"level":50,"msg":"Error in Executing Simple Query : ER_BAD_FIELD_ERROR: Unknown column 'a.agenda_title' in 'field list'","time":"2014-06-04T06:44:19.781Z","v":0}
{"name":"EVENT_REG_LOGGER","hostname":"bangvmplMINA01.sapient.com","pid":7395,"level":50,"msg":"Error in Executing Simple Query : ER_BAD_FIELD_ERROR: Unknown column 'a.agenda_title' in 'field list'","time":"2014-06-04T06:45:03.268Z","v":0}
{"name":"EVENT_REG_LOGGER","hostname":"bangvmplMINA01.sapient.com","pid":7395,"level":50,"msg":"Error in Executing Simple Query : ER_BAD_FIELD_ERROR: Unknown column 'a.agenda_title' in 'field list'","time":"2014-06-04T06:45:03.294Z","v":0}
{"name":"EVENT_REG_LOGGER","hostname":"bangvmplMINA01.sapient.com","pid":7395,"level":50,"msg":"Error in Executing Simple Query : ER_BAD_FIELD_ERROR: Unknown column 'a.agenda_title' in 'field list'","time":"2014-06-04T06:45:03.302Z","v":0}
{"name":"EVENT_REG_LOGGER","hostname":"bangvmplMINA01.sapient.com","pid":9538,"level":50,"msg":"reponse is not defined","time":"2014-06-04T09:38:13.237Z","v":0}
{"name":"EVENT_REG_LOGGER","hostname":"bangvmplMINA01.sapient.com","pid":9854,"level":50,"msg":"Error in Executing Simple Query : ER_BAD_FIELD_ERROR: Unknown column 'speaker_rating' in 'field list'","time":"2014-06-06T07:51:01.243Z","v":0}
{"name":"EVENT_REG_LOGGER","hostname":"bangvmplMINA01.sapient.com","pid":9854,"level":50,"msg":"Error in Executing Simple Query : ER_BAD_FIELD_ERROR: Unknown column 'speaker_rating' in 'field list'","time":"2014-06-06T07:51:02.104Z","v":0}
{"name":"EVENT_REG_LOGGER","hostname":"bangvmplMINA01.sapient.com","pid":9854,"level":50,"msg":"Error in Executing Simple Query : ER_BAD_FIELD_ERROR: Unknown column 'speaker_rating' in 'field list'","time":"2014-06-06T07:51:02.966Z","v":0}
{"name":"EVENT_REG_LOGGER","hostname":"bangvmplMINA01.sapient.com","pid":9854,"level":50,"msg":"Error in Executing Simple Query : ER_BAD_FIELD_ERROR: Unknown column 'speaker_rating' in 'field list'","time":"2014-06-06T07:51:03.820Z","v":0}
{"name":"EVENT_REG_LOGGER","hostname":"bangvmplMINA01.sapient.com","pid":9854,"level":50,"msg":"Error in Executing Simple Query : ER_BAD_FIELD_ERROR: Unknown column 'speaker_rating' in 'field list'","time":"2014-06-06T07:51:04.832Z","v":0}
{"name":"EVENT_REG_LOGGER","hostname":"bangvmplMINA01.sapient.com","pid":9854,"level":50,"msg":"Error in Executing Simple Query : ER_BAD_FIELD_ERROR: Unknown column 'speaker_rating' in 'field list'","time":"2014-06-06T07:51:05.605Z","v":0}
{"name":"EVENT_REG_LOGGER","hostname":"bangvmplMINA01.sapient.com","pid":9854,"level":50,"msg":"Error in Executing Simple Query : ER_BAD_FIELD_ERROR: Unknown column 'speaker_rating' in 'field list'","time":"2014-06-06T07:51:06.684Z","v":0}
{"name":"EVENT_REG_LOGGER","hostname":"bangvmplMINA01.sapient.com","pid":21148,"level":50,"msg":"Error in Executing Simple Query : ER_PARSE_ERROR: You have an error in your SQL syntax; check the manual that corresponds to your MySQL server version for the right syntax to use near 'y','n')' at line 1","time":"2014-06-06T09:15:25.442Z","v":0}
{"name":"EVENT_REG_LOGGER","hostname":"bangvmplMINA01.sapient.com","pid":2741,"level":50,"msg":"Error in Executing Simple Query : ER_PARSE_ERROR: You have an error in your SQL syntax; check the manual that corresponds to your MySQL server version for the right syntax to use near ') VALUES ('52','94','1','4','was good'),('52','95','1','3','not that good'),('52' at line 1","time":"2014-06-09T06:20:13.961Z","v":0}
{"name":"EVENT_REG_LOGGER","hostname":"bangvmplMINA01.sapient.com","pid":2881,"level":50,"msg":"Error in Executing Simple Query : ER_PARSE_ERROR: You have an error in your SQL syntax; check the manual that corresponds to your MySQL server version for the right syntax to use near ') VALUES ('52','94','1','2','sd'),('52','95','1','3','asd'),('52','96','1','4','' at line 1","time":"2014-06-09T06:26:57.527Z","v":0}
{"name":"EVENT_REG_LOGGER","hostname":"bangvmplMINA01.sapient.com","pid":2941,"level":50,"msg":"Error in Executing Simple Query : ER_PARSE_ERROR: You have an error in your SQL syntax; check the manual that corresponds to your MySQL server version for the right syntax to use near ') VALUES ('52','94','1',4,'saasd'),('52','95','1',4,'asd'),('52','96','1',3,'asd' at line 1","time":"2014-06-09T06:29:01.176Z","v":0}
{"name":"EVENT_REG_LOGGER","hostname":"bangvmplMINA01.sapient.com","pid":3020,"level":50,"msg":"Error in Executing Simple Query : Error: ER_PARSE_ERROR: You have an error in your SQL syntax; check the manual that corresponds to your MySQL server version for the right syntax to use near ') VALUES ('52','94','1',4,'sd'),('52','95','1',5,'fwe'),('52','96','1',4,'zfsdf'' at line 1","time":"2014-06-09T06:34:11.268Z","v":0}
{"name":"EVENT_REG_LOGGER","hostname":"bangvmplMINA01.sapient.com","pid":3059,"level":50,"msg":"Error in Executing Simple Query1 : Error: ER_PARSE_ERROR: You have an error in your SQL syntax; check the manual that corresponds to your MySQL server version for the right syntax to use near ') VALUES ('52','94','1',4,'asdasd'),('52','95','1',5,'asdasd'),('52','96','1',5,' at line 1","time":"2014-06-09T06:35:23.788Z","v":0}
{"name":"EVENT_REG_LOGGER","hostname":"bangvmplMINA01.sapient.com","pid":3526,"level":50,"msg":"Error in Executing Simple Query1 : Error: ER_SP_DOES_NOT_EXIST: PROCEDURE event_qa.inser_event_feedback does not exist","time":"2014-06-09T07:37:07.354Z","v":0}
{"name":"EVENT_REG_LOGGER","hostname":"bangvmplMINA01.sapient.com","pid":3598,"level":50,"msg":"Error in Executing Simple Query1 : Error: ER_TRUNCATED_WRONG_VALUE_FOR_FIELD: Incorrect integer value: 'undefined' for column 'event_rating' at row 5","time":"2014-06-10T06:51:32.123Z","v":0}
{"name":"EVENT_REG_LOGGER","hostname":"bangvmplMINA01.sapient.com","pid":9022,"level":50,"msg":"Error in Executing Simple Query1 : Error: ER_BAD_FIELD_ERROR: Unknown column 'agenda.is_break' in 'field list'","time":"2014-06-10T10:54:24.769Z","v":0}
{"name":"EVENT_REG_LOGGER","hostname":"bangvmplMINA01.sapient.com","pid":9022,"level":50,"msg":"Error in Executing Simple Query1 : Error: ER_BAD_FIELD_ERROR: Unknown column 'agenda.is_break' in 'field list'","time":"2014-06-10T10:54:32.338Z","v":0}
{"name":"EVENT_REG_LOGGER","hostname":"bangvmplMINA01.sapient.com","pid":4766,"level":50,"msg":"Cannot read property 'q_id' of undefined","time":"2014-06-16T09:13:59.531Z","v":0}
{"name":"EVENT_REG_LOGGER","hostname":"bangvmplMINA01.sapient.com","pid":5674,"level":50,"msg":"Cannot call method 'push' of undefined","time":"2014-06-16T09:32:51.796Z","v":0}
{"name":"EVENT_REG_LOGGER","hostname":"bangvmplMINA01.sapient.com","pid":5870,"level":50,"msg":"Object #<RowDataPacket> has no method 'slice'","time":"2014-06-16T09:39:20.666Z","v":0}
{"name":"EVENT_REG_LOGGER","hostname":"bangvmplMINA01.sapient.com","pid":6005,"level":50,"msg":"Error in Executing Simple Query1 : Error: ER_TRUNCATED_WRONG_VALUE_FOR_FIELD: Incorrect integer value: 'undefined' for column 'event_rating' at row 3","time":"2014-06-16T10:15:32.908Z","v":0}
{"name":"EVENT_REG_LOGGER","hostname":"bangvmplMINA01.sapient.com","pid":16095,"level":50,"msg":"Error in Executing Simple Query1 : Error: ER_TRUNCATED_WRONG_VALUE_FOR_FIELD: Incorrect integer value: 'undefined' for column 'q_id' at row 1","time":"2014-06-18T09:56:28.875Z","v":0}
{"name":"EVENT_REG_LOGGER","hostname":"bangvmplMINA01.sapient.com","pid":16706,"level":50,"msg":"Object #<ServerResponse> has no method 'sed'","time":"2014-06-18T10:21:45.603Z","v":0}
{"name":"EVENT_REG_LOGGER","hostname":"bangvmplMINA01.sapient.com","pid":20415,"level":50,"msg":"Error in Executing Query : ER_TRUNCATED_WRONG_VALUE_FOR_FIELD: Incorrect integer value: 'single' for column 'q_type' at row 1","time":"2014-06-19T06:29:38.457Z","v":0}
{"name":"EVENT_REG_LOGGER","hostname":"bangvmplMINA01.sapient.com","pid":20415,"level":50,"msg":"Error in Executing Simple Query1 : Error: ER_TRUNCATED_WRONG_VALUE_FOR_FIELD: Incorrect integer value: 'undefined' for column 'q_id' at row 1","time":"2014-06-19T06:29:38.463Z","v":0}
{"name":"EVENT_REG_LOGGER","hostname":"bangvmplMINA01.sapient.com","pid":20415,"level":50,"msg":"Error in Executing Query : ER_TRUNCATED_WRONG_VALUE_FOR_FIELD: Incorrect integer value: 'multiple' for column 'q_type' at row 1","time":"2014-06-19T06:29:38.478Z","v":0}
{"name":"EVENT_REG_LOGGER","hostname":"bangvmplMINA01.sapient.com","pid":20415,"level":50,"msg":"Error in Executing Simple Query1 : Error: ER_TRUNCATED_WRONG_VALUE_FOR_FIELD: Incorrect integer value: 'undefined' for column 'q_id' at row 1","time":"2014-06-19T06:29:38.481Z","v":0}
{"name":"EVENT_REG_LOGGER","hostname":"bangvmplMINA01.sapient.com","pid":20415,"level":50,"msg":"Error in Executing Query : ER_TRUNCATED_WRONG_VALUE_FOR_FIELD: Incorrect integer value: 'NaN' for column 'q_type' at row 1","time":"2014-06-19T06:33:58.379Z","v":0}
{"name":"EVENT_REG_LOGGER","hostname":"bangvmplMINA01.sapient.com","pid":20415,"level":50,"msg":"Error in Executing Simple Query1 : Error: ER_TRUNCATED_WRONG_VALUE_FOR_FIELD: Incorrect integer value: 'undefined' for column 'q_id' at row 1","time":"2014-06-19T06:33:58.384Z","v":0}
{"name":"EVENT_REG_LOGGER","hostname":"bangvmplMINA01.sapient.com","pid":21654,"level":50,"msg":"Error in Executing Query : ER_TRUNCATED_WRONG_VALUE_FOR_FIELD: Incorrect integer value: 'NaN' for column 'q_type' at row 1","time":"2014-06-20T04:01:15.288Z","v":0}
{"name":"EVENT_REG_LOGGER","hostname":"bangvmplMINA01.sapient.com","pid":21654,"level":50,"msg":"Error in Executing Query : ER_TRUNCATED_WRONG_VALUE_FOR_FIELD: Incorrect integer value: 'NaN' for column 'q_type' at row 1","time":"2014-06-20T04:01:15.311Z","v":0}
{"name":"EVENT_REG_LOGGER","hostname":"bangvmplMINA01.sapient.com","pid":21654,"level":50,"msg":"Error in Executing Query : ER_TRUNCATED_WRONG_VALUE_FOR_FIELD: Incorrect integer value: 'NaN' for column 'q_type' at row 1","time":"2014-06-20T04:01:15.334Z","v":0}
{"name":"EVENT_REG_LOGGER","hostname":"bangvmplMINA01.sapient.com","pid":21655,"level":50,"msg":"Error in Executing Query : ER_TRUNCATED_WRONG_VALUE_FOR_FIELD: Incorrect integer value: 'NaN' for column 'q_type' at row 1","time":"2014-06-20T04:01:15.360Z","v":0}
{"name":"EVENT_REG_LOGGER","hostname":"bangvmplMINA01.sapient.com","pid":21655,"level":50,"msg":"Error in Executing Query : ER_TRUNCATED_WRONG_VALUE_FOR_FIELD: Incorrect integer value: 'NaN' for column 'q_type' at row 1","time":"2014-06-20T04:01:15.381Z","v":0}
{"name":"EVENT_REG_LOGGER","hostname":"bangvmplMINA01.sapient.com","pid":21655,"level":50,"msg":"Error in Executing Query : ER_TRUNCATED_WRONG_VALUE_FOR_FIELD: Incorrect integer value: 'NaN' for column 'q_type' at row 1","time":"2014-06-20T05:55:50.078Z","v":0}
{"name":"EVENT_REG_LOGGER","hostname":"bangvmplMINA01.sapient.com","pid":21655,"level":50,"msg":"Error in Executing Query : ER_TRUNCATED_WRONG_VALUE_FOR_FIELD: Incorrect integer value: 'NaN' for column 'q_type' at row 1","time":"2014-06-20T05:55:50.106Z","v":0}
{"name":"EVENT_REG_LOGGER","hostname":"bangvmplMINA01.sapient.com","pid":21655,"level":50,"msg":"Error in Executing Query : ER_TRUNCATED_WRONG_VALUE_FOR_FIELD: Incorrect integer value: 'NaN' for column 'q_type' at row 1","time":"2014-06-20T05:55:50.131Z","v":0}
{"name":"EVENT_REG_LOGGER","hostname":"bangvmplMINA01.sapient.com","pid":21655,"level":50,"msg":"Error in Executing Query : ER_TRUNCATED_WRONG_VALUE_FOR_FIELD: Incorrect integer value: 'NaN' for column 'q_type' at row 1","time":"2014-06-20T05:55:50.153Z","v":0}
{"name":"EVENT_REG_LOGGER","hostname":"MARKETINGVM1","pid":14002,"level":50,"msg":"Cannot read property 'from_date' of undefined","time":"2014-07-07T09:56:16.848Z","v":0}
